"https://odata-mock-server-generous-gnu.cfapps.eu10.hana.ondemand.com/sap/opu/odata/sap/API_BUSINESS_PARTNER/$metadata", "hystrix-com.sap.cloud.s4hana.examples.addressmgr.commands.CreateAddressCommand#t=#u=-1"
"https://odata-mock-server-generous-gnu.cfapps.eu10.hana.ondemand.com/sap/opu/odata/sap/API_BUSINESS_PARTNER", "hystrix-com.sap.cloud.s4hana.examples.addressmgr.commands.CreateAddressCommand#t=#u=-1"
"https://odata-mock-server-generous-gnu.cfapps.eu10.hana.ondemand.com/sap/opu/odata/sap/API_BUSINESS_PARTNER/A_BusinessPartnerAddress", "hystrix-com.sap.cloud.s4hana.examples.addressmgr.commands.CreateAddressCommand#t=#u=-1"
"https://odata-mock-server-generous-gnu.cfapps.eu10.hana.ondemand.com/sap/opu/odata/sap/API_BUSINESS_PARTNER/$metadata", "hystrix-com.sap.cloud.s4hana.examples.addressmgr.GetAddressCommand#t=#u=-1"
"https://odata-mock-server-generous-gnu.cfapps.eu10.hana.ondemand.com/sap/opu/odata/sap/API_BUSINESS_PARTNER/A_BusinessPartnerAddress(BusinessPartner='1003764',AddressID='28248')", "hystrix-com.sap.cloud.s4hana.examples.addressmgr.GetAddressCommand#t=#u=-1"
"https://odata-mock-server-generous-gnu.cfapps.eu10.hana.ondemand.com/sap/opu/odata/sap/API_BUSINESS_PARTNER/$metadata", "hystrix-com.sap.cloud.s4hana.examples.addressmgr.commands.CreateAddressCommand#t=#u=-2"
"https://odata-mock-server-generous-gnu.cfapps.eu10.hana.ondemand.com/sap/opu/odata/sap/API_BUSINESS_PARTNER", "hystrix-com.sap.cloud.s4hana.examples.addressmgr.commands.CreateAddressCommand#t=#u=-2"
"https://odata-mock-server-generous-gnu.cfapps.eu10.hana.ondemand.com/sap/opu/odata/sap/API_BUSINESS_PARTNER/A_BusinessPartnerAddress", "hystrix-com.sap.cloud.s4hana.examples.addressmgr.commands.CreateAddressCommand#t=#u=-2"
"https://odata-mock-server-generous-gnu.cfapps.eu10.hana.ondemand.com/sap/opu/odata/sap/API_BUSINESS_PARTNER/$metadata", "hystrix-com.sap.cloud.s4hana.examples.addressmgr.commands.DeleteAddressCommand#t=#u=-1"
"https://odata-mock-server-generous-gnu.cfapps.eu10.hana.ondemand.com/sap/opu/odata/sap/API_BUSINESS_PARTNER", "hystrix-com.sap.cloud.s4hana.examples.addressmgr.commands.DeleteAddressCommand#t=#u=-1"
"https://odata-mock-server-generous-gnu.cfapps.eu10.hana.ondemand.com/sap/opu/odata/sap/API_BUSINESS_PARTNER/A_BusinessPartnerAddress(BusinessPartner='1003764',AddressID='28249')", "hystrix-com.sap.cloud.s4hana.examples.addressmgr.commands.DeleteAddressCommand#t=#u=-1"
"https://odata-mock-server-generous-gnu.cfapps.eu10.hana.ondemand.com/sap/opu/odata/sap/API_BUSINESS_PARTNER/$metadata", "hystrix-com.sap.cloud.s4hana.examples.addressmgr.GetAddressCommand#t=#u=-2"
"https://odata-mock-server-generous-gnu.cfapps.eu10.hana.ondemand.com/sap/opu/odata/sap/API_BUSINESS_PARTNER/A_BusinessPartnerAddress(BusinessPartner='1003764',AddressID='28249')", "hystrix-com.sap.cloud.s4hana.examples.addressmgr.GetAddressCommand#t=#u=-2"
"https://odata-mock-server-generous-gnu.cfapps.eu10.hana.ondemand.com/sap/opu/odata/sap/API_BUSINESS_PARTNER/$metadata", "hystrix-com.sap.cloud.s4hana.examples.addressmgr.commands.CreateAddressCommand#t=#u=-3"
"https://odata-mock-server-generous-gnu.cfapps.eu10.hana.ondemand.com/sap/opu/odata/sap/API_BUSINESS_PARTNER", "hystrix-com.sap.cloud.s4hana.examples.addressmgr.commands.CreateAddressCommand#t=#u=-3"
"https://odata-mock-server-generous-gnu.cfapps.eu10.hana.ondemand.com/sap/opu/odata/sap/API_BUSINESS_PARTNER/A_BusinessPartnerAddress", "hystrix-com.sap.cloud.s4hana.examples.addressmgr.commands.CreateAddressCommand#t=#u=-3"
"https://odata-mock-server-generous-gnu.cfapps.eu10.hana.ondemand.com/sap/opu/odata/sap/API_BUSINESS_PARTNER/$metadata", "hystrix-com.sap.cloud.s4hana.examples.addressmgr.commands.UpdateAddressCommand#t=#u=-1"
"https://odata-mock-server-generous-gnu.cfapps.eu10.hana.ondemand.com/sap/opu/odata/sap/API_BUSINESS_PARTNER", "hystrix-com.sap.cloud.s4hana.examples.addressmgr.commands.UpdateAddressCommand#t=#u=-1"
"https://odata-mock-server-generous-gnu.cfapps.eu10.hana.ondemand.com/sap/opu/odata/sap/API_BUSINESS_PARTNER/A_BusinessPartnerAddress(BusinessPartner='1003764',AddressID='28249')", "hystrix-com.sap.cloud.s4hana.examples.addressmgr.commands.UpdateAddressCommand#t=#u=-1"
"https://odata-mock-server-generous-gnu.cfapps.eu10.hana.ondemand.com/sap/opu/odata/sap/API_BUSINESS_PARTNER/$metadata", "hystrix-com.sap.cloud.s4hana.examples.addressmgr.GetAddressCommand#t=#u=-3"
"https://odata-mock-server-generous-gnu.cfapps.eu10.hana.ondemand.com/sap/opu/odata/sap/API_BUSINESS_PARTNER/A_BusinessPartnerAddress(BusinessPartner='1003764',AddressID='28249')", "hystrix-com.sap.cloud.s4hana.examples.addressmgr.GetAddressCommand#t=#u=-3"
